nohup: ignoring input

> stock-indicators-docs@1.0.0 docs:preview
> vitepress preview

node:events:502
      throw er; // Unhandled 'error' event
      ^

Error: listen EADDRINUSE: address already in use :::4173
    at Server.setupListenHandle [as _listen2] (node:net:1908:16)
    at listenInCluster (node:net:1965:12)
    at Server.listen (node:net:2067:7)
    at Polka.listen (file:///home/runner/work/Stock.Indicators/Stock.Indicators/docs/node_modules/vitepress/dist/node/chunk-BssBsV50.js:52771:22)
    at serve (file:///home/runner/work/Stock.Indicators/Stock.Indicators/docs/node_modules/vitepress/dist/node/chunk-BssBsV50.js:53492:55)
Emitted 'error' event on Server instance at:
    at emitErrorNT (node:net:1944:8)
    at process.processTicksAndRejections (node:internal/process/task_queues:82:21) {
  code: 'EADDRINUSE',
  errno: -98,
  syscall: 'listen',
  address: '::',
  port: 4173
}

Node.js v20.19.6
